{"level":"info","message":"Server is running on port 3001","service":"screenshot-service"}
{"level":"info","message":"Received screenshot request for URL: https://google.com, Device: desktop","service":"screenshot-service"}
{"error":{"name":"TimeoutError"},"level":"error","message":"Error capturing screenshot for URL: https://google.com","service":"screenshot-service"}
{"level":"info","message":"Received screenshot request for URL: https://baidu.com, Device: desktop","service":"screenshot-service"}
{"error":{"name":"TimeoutError"},"level":"error","message":"Error capturing screenshot for URL: https://baidu.com","service":"screenshot-service"}
{"level":"info","message":"Received screenshot request for URL: https://baidu.com, Device: mobile","service":"screenshot-service"}
{"error":{"name":"TimeoutError"},"level":"error","message":"Error capturing screenshot for URL: https://baidu.com","service":"screenshot-service"}
{"level":"info","message":"Server is running on port 3001","service":"screenshot-service"}
{"level":"info","message":"Received screenshot request for URL: https://baidu.com, Device: desktop","service":"screenshot-service"}
{"error":{"name":"TimeoutError"},"level":"error","message":"Error capturing screenshot for URL: https://baidu.com","service":"screenshot-service"}
{"level":"info","message":"Server is running on port 3001","service":"screenshot-service"}
{"level":"info","message":"Received screenshot request for URL: https://baidu.com, Device: desktop","service":"screenshot-service"}
{"level":"info","message":"Successfully captured screenshot for URL: https://baidu.com","service":"screenshot-service"}
{"level":"info","message":"Server is running on port 3001","service":"screenshot-service"}
{"level":"info","message":"Received screenshot request for URL: https://baidu.com, Device: desktop","service":"screenshot-service"}
{"level":"info","message":"Successfully captured screenshot for URL: https://baidu.com","service":"screenshot-service"}
{"level":"info","message":"Received screenshot request for URL: https://baidu.com, Device: mobile","service":"screenshot-service"}
{"level":"info","message":"Successfully captured screenshot for URL: https://baidu.com","service":"screenshot-service"}
{"level":"info","message":"Received screenshot request for URL: https://baidu.com, Device: desktop","service":"screenshot-service"}
{"level":"info","message":"Successfully captured screenshot for URL: https://baidu.com","service":"screenshot-service"}
{"level":"info","message":"Server is running on port 3001","service":"screenshot-service"}
{"level":"info","message":"Received screenshot request for URL: https://baidu.co, Device: desktop","service":"screenshot-service"}
{"level":"info","message":"Successfully captured screenshot for URL: https://baidu.co","service":"screenshot-service"}
{"level":"info","message":"Received screenshot request for URL: https://baidu.com, Device: desktop","service":"screenshot-service"}
{"level":"info","message":"Successfully captured screenshot for URL: https://baidu.com","service":"screenshot-service"}
{"level":"info","message":"Server is running on port 3001","service":"screenshot-service"}
{"level":"info","message":"Received screenshot request for URL: https://baidu.com, Device: desktop, WaitTime: undefined","service":"screenshot-service"}
{"level":"info","message":"Successfully captured screenshot for URL: https://baidu.com","service":"screenshot-service"}
{"level":"info","message":"Received screenshot request for URL: https://gitmind.cn/planets, Device: desktop, WaitTime: undefined","service":"screenshot-service"}
{"level":"info","message":"Successfully captured screenshot for URL: https://gitmind.cn/planets","service":"screenshot-service"}
{"level":"info","message":"Received screenshot request for URL: https://gitmind.cn/planets, Device: desktop, WaitTime: undefined","service":"screenshot-service"}
{"level":"info","message":"Successfully captured screenshot for URL: https://gitmind.cn/planets","service":"screenshot-service"}
{"level":"info","message":"Received screenshot request for URL: https://gitmind.cn/planets, Device: desktop, WaitTime: undefined","service":"screenshot-service"}
{"level":"info","message":"Successfully captured screenshot for URL: https://gitmind.cn/planets","service":"screenshot-service"}
{"level":"info","message":"Received screenshot request for URL: https://gitmind.cn/planets, Device: mobile, WaitTime: undefined","service":"screenshot-service"}
{"level":"info","message":"Successfully captured screenshot for URL: https://gitmind.cn/planets","service":"screenshot-service"}
{"level":"info","message":"Received screenshot request for URL: https://gitmind.cn/planets, Device: desktop, WaitTime: undefined","service":"screenshot-service"}
{"level":"info","message":"Successfully captured screenshot for URL: https://gitmind.cn/planets","service":"screenshot-service"}
{"level":"info","message":"Received screenshot request for URL: https://gitmind.cn/planets, Device: mobile, WaitTime: undefined","service":"screenshot-service"}
{"level":"info","message":"Successfully captured screenshot for URL: https://gitmind.cn/planets","service":"screenshot-service"}
{"level":"info","message":"Received screenshot request for URL: https://gitmind.cn/planets, Device: desktop, WaitTime: undefined","service":"screenshot-service"}
{"level":"info","message":"Successfully captured screenshot for URL: https://gitmind.cn/planets","service":"screenshot-service"}
{"level":"info","message":"Received screenshot request for URL: https://gitmind.cn/planets, Device: desktop, WaitTime: undefined","service":"screenshot-service"}
{"level":"info","message":"Successfully captured screenshot for URL: https://gitmind.cn/planets","service":"screenshot-service"}
{"level":"info","message":"Received screenshot request for URL: https://gitmind.cn/planets, Device: desktop, WaitTime: undefined","service":"screenshot-service"}
{"level":"info","message":"Successfully captured screenshot for URL: https://gitmind.cn/planets","service":"screenshot-service"}
{"level":"info","message":"Received screenshot request for URL: https://gitmind.cn/planets, Device: mobile, WaitTime: undefined","service":"screenshot-service"}
{"level":"info","message":"Successfully captured screenshot for URL: https://gitmind.cn/planets","service":"screenshot-service"}
{"level":"info","message":"Received screenshot request for URL: https://gitmind.cn/planets, Device: desktop, WaitTime: undefined","service":"screenshot-service"}
{"level":"info","message":"Successfully captured screenshot for URL: https://gitmind.cn/planets","service":"screenshot-service"}
{"level":"info","message":"Received screenshot request for URL: https://gitmind.cn/planets, Device: desktop, WaitTime: undefined","service":"screenshot-service"}
{"level":"info","message":"Successfully captured screenshot for URL: https://gitmind.cn/planets","service":"screenshot-service"}
{"level":"info","message":"Received screenshot request for URL: https://gitmind.cn/planets, Device: mobile, WaitTime: undefined","service":"screenshot-service"}
{"level":"info","message":"Successfully captured screenshot for URL: https://gitmind.cn/planets","service":"screenshot-service"}
{"level":"info","message":"Server is running on port 3001","service":"screenshot-service"}
